[debug] [2022-10-10T19:51:05.746Z] ----------------------------------------------------------------------
[debug] [2022-10-10T19:51:05.748Z] Command:       /usr/local/bin/firebase /home/aurum/.cache/firebase/tools/lib/node_modules/firebase-tools/lib/bin/firebase deploy
[debug] [2022-10-10T19:51:05.749Z] CLI Version:   10.8.0
[debug] [2022-10-10T19:51:05.749Z] Platform:      linux
[debug] [2022-10-10T19:51:05.749Z] Node Version:  v12.18.1
[debug] [2022-10-10T19:51:05.755Z] Time:          Mon Oct 10 2022 21:51:05 GMT+0200 (South Africa Standard Time)
[debug] [2022-10-10T19:51:05.755Z] ----------------------------------------------------------------------
[debug] 
[debug] [2022-10-10T19:51:05.758Z] >>> [apiv2][query] GET https://firebase-public.firebaseio.com/cli.json [none]
[debug] [2022-10-10T19:51:05.859Z] > command requires scopes: ["email","openid","https://www.googleapis.com/auth/cloudplatformprojects.readonly","https://www.googleapis.com/auth/firebase","https://www.googleapis.com/auth/cloud-platform"]
[debug] [2022-10-10T19:51:05.859Z] > authorizing via signed-in user (kjamaliehe@gmail.com)
[debug] [2022-10-10T19:51:05.859Z] [iam] checking project profile-a5fb3 for permissions ["firebase.projects.get","firebasehosting.sites.update"]
[debug] [2022-10-10T19:51:05.860Z] > refreshing access token with scopes: []
[debug] [2022-10-10T19:51:05.861Z] >>> HTTP REQUEST POST https://www.googleapis.com/oauth2/v3/token  
 <request body omitted>
[debug] [2022-10-10T19:51:07.710Z] <<< HTTP RESPONSE 200 {"date":"Mon, 10 Oct 2022 19:51:07 GMT","cache-control":"no-cache, no-store, max-age=0, must-revalidate","pragma":"no-cache","expires":"Mon, 01 Jan 1990 00:00:00 GMT","content-type":"application/json; charset=utf-8","vary":"X-Origin, Referer, Origin,Accept-Encoding","server":"scaffolding on HTTPServer2","x-xss-protection":"0","x-frame-options":"SAMEORIGIN","x-content-type-options":"nosniff","alt-svc":"h3=\":443\"; ma=2592000,h3-29=\":443\"; ma=2592000,h3-Q050=\":443\"; ma=2592000,h3-Q046=\":443\"; ma=2592000,h3-Q043=\":443\"; ma=2592000,quic=\":443\"; ma=2592000; v=\"46,43\"","accept-ranges":"none","transfer-encoding":"chunked"}
[debug] [2022-10-10T19:51:07.752Z] >>> [apiv2][query] POST https://cloudresourcemanager.googleapis.com/v1/projects/profile-a5fb3:testIamPermissions [none]
[debug] [2022-10-10T19:51:07.753Z] >>> [apiv2][body] POST https://cloudresourcemanager.googleapis.com/v1/projects/profile-a5fb3:testIamPermissions {"permissions":["firebase.projects.get","firebasehosting.sites.update"]}
[debug] [2022-10-10T19:51:08.220Z] <<< [apiv2][status] GET https://firebase-public.firebaseio.com/cli.json 200
[debug] [2022-10-10T19:51:08.221Z] <<< [apiv2][body] GET https://firebase-public.firebaseio.com/cli.json {"cloudBuildErrorAfter":1594252800000,"cloudBuildWarnAfter":1590019200000,"defaultNode10After":1594252800000,"minVersion":"3.0.5","node8DeploysDisabledAfter":1613390400000,"node8RuntimeDisabledAfter":1615809600000,"node8WarnAfter":1600128000000}
[debug] [2022-10-10T19:51:11.197Z] <<< [apiv2][status] POST https://cloudresourcemanager.googleapis.com/v1/projects/profile-a5fb3:testIamPermissions 200
[debug] [2022-10-10T19:51:11.197Z] <<< [apiv2][body] POST https://cloudresourcemanager.googleapis.com/v1/projects/profile-a5fb3:testIamPermissions {}
[debug] [2022-10-10T19:51:11.198Z] [iam] error while checking permissions, command may fail: FirebaseError: Authorization failed. This account is missing the following required permissions on project profile-a5fb3:

  firebase.projects.get
  firebasehosting.sites.update
[debug] [2022-10-10T19:51:11.201Z] >>> [apiv2][query] GET https://firebase.googleapis.com/v1beta1/projects/profile-a5fb3 [none]
[debug] [2022-10-10T19:51:12.931Z] <<< [apiv2][status] GET https://firebase.googleapis.com/v1beta1/projects/profile-a5fb3 403
[debug] [2022-10-10T19:51:12.931Z] <<< [apiv2][body] GET https://firebase.googleapis.com/v1beta1/projects/profile-a5fb3 {"error":{"code":403,"message":"The caller does not have permission","status":"PERMISSION_DENIED"}}
[debug] [2022-10-10T19:51:12.932Z] HTTP Error: 403, The caller does not have permission
[debug] [2022-10-10T19:51:14.555Z] FirebaseError: HTTP Error: 403, The caller does not have permission
    at module.exports (/home/aurum/.cache/firebase/tools/lib/node_modules/firebase-tools/lib/responseToError.js:47:12)
    at RetryOperation._fn (/home/aurum/.cache/firebase/tools/lib/node_modules/firebase-tools/lib/apiv2.js:286:39)
    at processTicksAndRejections (internal/process/task_queues.js:97:5)
[error] 
[error] Error: Failed to get Firebase project profile-a5fb3. Please make sure the project exists and your account has permission to access it.
